new report started
2022-01-22 21:20:39,823 - MARKET - INFO   : Hello
2022-01-22 21:20:39,826 - MARKET - INFO   : recent old report is invalid now, exiting
2022-01-22 21:28:28,373 - MARKET - INFO   : Hello
2022-01-22 21:30:08,387 - MARKET - INFO   : Getting the last 24hr data
2022-01-22 21:35:53,828 - MARKET - INFO   : Got last 24hr dtaa
2022-01-22 21:35:54,424 - MARKET - INFO   : req time:0 sec
2022-01-22 21:35:54,426 - MARKET - DEBUG   : err_key'BCCUSDT'
2022-01-22 21:35:54,429 - MARKET - DEBUG   : err_key'VENUSDT'
2022-01-22 21:35:54,432 - MARKET - DEBUG   : err_key'PAXUSDT'
2022-01-22 21:35:54,433 - MARKET - DEBUG   : err_key'BCHABCUSDT'
2022-01-22 21:35:54,435 - MARKET - DEBUG   : err_key'BCHSVUSDT'
2022-01-22 21:35:54,436 - MARKET - DEBUG   : err_key'BTTUSDT'
2022-01-22 21:35:54,437 - MARKET - DEBUG   : err_key'USDSUSDT'
2022-01-22 21:35:54,443 - MARKET - DEBUG   : err_key'USDSBUSDT'
2022-01-22 21:35:54,445 - MARKET - DEBUG   : err_key'ERDUSDT'
2022-01-22 21:35:54,447 - MARKET - DEBUG   : err_key'NPXSUSDT'
2022-01-22 21:35:54,452 - MARKET - DEBUG   : err_key'STORMUSDT'
2022-01-22 21:35:54,458 - MARKET - DEBUG   : err_key'HCUSDT'
2022-01-22 21:35:54,463 - MARKET - DEBUG   : err_key'MCOUSDT'
2022-01-22 21:35:54,467 - MARKET - DEBUG   : err_key'BULLUSDT'
2022-01-22 21:35:54,468 - MARKET - DEBUG   : err_key'BEARUSDT'
2022-01-22 21:35:54,469 - MARKET - DEBUG   : err_key'ETHBULLUSDT'
2022-01-22 21:35:54,471 - MARKET - DEBUG   : err_key'ETHBEARUSDT'
2022-01-22 21:35:54,475 - MARKET - DEBUG   : err_key'EOSBULLUSDT'
2022-01-22 21:35:54,477 - MARKET - DEBUG   : err_key'EOSBEARUSDT'
2022-01-22 21:35:54,478 - MARKET - DEBUG   : err_key'XRPBULLUSDT'
2022-01-22 21:35:54,479 - MARKET - DEBUG   : err_key'XRPBEARUSDT'
2022-01-22 21:35:54,480 - MARKET - DEBUG   : err_key'STRATUSDT'
2022-01-22 21:35:54,483 - MARKET - DEBUG   : err_key'BNBBULLUSDT'
2022-01-22 21:35:54,484 - MARKET - DEBUG   : err_key'BNBBEARUSDT'
2022-01-22 21:35:54,487 - MARKET - DEBUG   : err_key'XZCUSDT'
2022-01-22 21:35:54,490 - MARKET - DEBUG   : err_key'LENDUSDT'
2022-01-22 21:35:54,493 - MARKET - DEBUG   : err_key'BKRWUSDT'
2022-01-22 21:35:54,497 - MARKET - DEBUG   : err_key'DAIUSDT'
2022-01-22 21:35:54,506 - MARKET - DEBUG   : err_key'BZRXUSDT'
2022-01-22 21:50:56,835 - MARKET - INFO   : req time:0 sec
2022-01-22 21:20:39,823 - MARKET - INFO   : Hello
2022-01-22 21:20:39,826 - MARKET - INFO   : recent old report is invalid now, exiting
2022-01-22 21:28:28,373 - MARKET - INFO   : Hello
2022-01-22 21:30:08,387 - MARKET - INFO   : Getting the last 24hr data
2022-01-22 21:35:53,828 - MARKET - INFO   : Got last 24hr dtaa
2022-01-22 21:35:54,424 - MARKET - INFO   : req time:0 sec
2022-01-22 21:35:54,426 - MARKET - DEBUG   : err_key'BCCUSDT'
2022-01-22 21:35:54,429 - MARKET - DEBUG   : err_key'VENUSDT'
2022-01-22 21:35:54,432 - MARKET - DEBUG   : err_key'PAXUSDT'
2022-01-22 21:35:54,433 - MARKET - DEBUG   : err_key'BCHABCUSDT'
2022-01-22 21:35:54,435 - MARKET - DEBUG   : err_key'BCHSVUSDT'
2022-01-22 21:35:54,436 - MARKET - DEBUG   : err_key'BTTUSDT'
2022-01-22 21:35:54,437 - MARKET - DEBUG   : err_key'USDSUSDT'
2022-01-22 21:35:54,443 - MARKET - DEBUG   : err_key'USDSBUSDT'
2022-01-22 21:35:54,445 - MARKET - DEBUG   : err_key'ERDUSDT'
2022-01-22 21:35:54,447 - MARKET - DEBUG   : err_key'NPXSUSDT'
2022-01-22 21:35:54,452 - MARKET - DEBUG   : err_key'STORMUSDT'
2022-01-22 21:35:54,458 - MARKET - DEBUG   : err_key'HCUSDT'
2022-01-22 21:35:54,463 - MARKET - DEBUG   : err_key'MCOUSDT'
2022-01-22 21:35:54,467 - MARKET - DEBUG   : err_key'BULLUSDT'
2022-01-22 21:35:54,468 - MARKET - DEBUG   : err_key'BEARUSDT'
2022-01-22 21:35:54,469 - MARKET - DEBUG   : err_key'ETHBULLUSDT'
2022-01-22 21:35:54,471 - MARKET - DEBUG   : err_key'ETHBEARUSDT'
2022-01-22 21:35:54,475 - MARKET - DEBUG   : err_key'EOSBULLUSDT'
2022-01-22 21:35:54,477 - MARKET - DEBUG   : err_key'EOSBEARUSDT'
2022-01-22 21:35:54,478 - MARKET - DEBUG   : err_key'XRPBULLUSDT'
2022-01-22 21:35:54,479 - MARKET - DEBUG   : err_key'XRPBEARUSDT'
2022-01-22 21:35:54,480 - MARKET - DEBUG   : err_key'STRATUSDT'
2022-01-22 21:35:54,483 - MARKET - DEBUG   : err_key'BNBBULLUSDT'
2022-01-22 21:35:54,484 - MARKET - DEBUG   : err_key'BNBBEARUSDT'
2022-01-22 21:35:54,487 - MARKET - DEBUG   : err_key'XZCUSDT'
2022-01-22 21:35:54,490 - MARKET - DEBUG   : err_key'LENDUSDT'
2022-01-22 21:35:54,493 - MARKET - DEBUG   : err_key'BKRWUSDT'
2022-01-22 21:35:54,497 - MARKET - DEBUG   : err_key'DAIUSDT'
2022-01-22 21:35:54,506 - MARKET - DEBUG   : err_key'BZRXUSDT'
2022-01-22 21:50:56,835 - MARKET - INFO   : req time:0 sec
2022-01-22 21:20:39,823 - MARKET - INFO   : Hello
2022-01-22 21:20:39,826 - MARKET - INFO   : recent old report is invalid now, exiting
2022-01-22 21:28:28,373 - MARKET - INFO   : Hello
2022-01-22 21:30:08,387 - MARKET - INFO   : Getting the last 24hr data
2022-01-22 21:35:53,828 - MARKET - INFO   : Got last 24hr dtaa
2022-01-22 21:35:54,424 - MARKET - INFO   : req time:0 sec
2022-01-22 21:35:54,426 - MARKET - DEBUG   : err_key'BCCUSDT'
2022-01-22 21:35:54,429 - MARKET - DEBUG   : err_key'VENUSDT'
2022-01-22 21:35:54,432 - MARKET - DEBUG   : err_key'PAXUSDT'
2022-01-22 21:35:54,433 - MARKET - DEBUG   : err_key'BCHABCUSDT'
2022-01-22 21:35:54,435 - MARKET - DEBUG   : err_key'BCHSVUSDT'
2022-01-22 21:35:54,436 - MARKET - DEBUG   : err_key'BTTUSDT'
2022-01-22 21:35:54,437 - MARKET - DEBUG   : err_key'USDSUSDT'
2022-01-22 21:35:54,443 - MARKET - DEBUG   : err_key'USDSBUSDT'
2022-01-22 21:35:54,445 - MARKET - DEBUG   : err_key'ERDUSDT'
2022-01-22 21:35:54,447 - MARKET - DEBUG   : err_key'NPXSUSDT'
2022-01-22 21:35:54,452 - MARKET - DEBUG   : err_key'STORMUSDT'
2022-01-22 21:35:54,458 - MARKET - DEBUG   : err_key'HCUSDT'
2022-01-22 21:35:54,463 - MARKET - DEBUG   : err_key'MCOUSDT'
2022-01-22 21:35:54,467 - MARKET - DEBUG   : err_key'BULLUSDT'
2022-01-22 21:35:54,468 - MARKET - DEBUG   : err_key'BEARUSDT'
2022-01-22 21:35:54,469 - MARKET - DEBUG   : err_key'ETHBULLUSDT'
2022-01-22 21:35:54,471 - MARKET - DEBUG   : err_key'ETHBEARUSDT'
2022-01-22 21:35:54,475 - MARKET - DEBUG   : err_key'EOSBULLUSDT'
2022-01-22 21:35:54,477 - MARKET - DEBUG   : err_key'EOSBEARUSDT'
2022-01-22 21:35:54,478 - MARKET - DEBUG   : err_key'XRPBULLUSDT'
2022-01-22 21:35:54,479 - MARKET - DEBUG   : err_key'XRPBEARUSDT'
2022-01-22 21:35:54,480 - MARKET - DEBUG   : err_key'STRATUSDT'
2022-01-22 21:35:54,483 - MARKET - DEBUG   : err_key'BNBBULLUSDT'
2022-01-22 21:35:54,484 - MARKET - DEBUG   : err_key'BNBBEARUSDT'
2022-01-22 21:35:54,487 - MARKET - DEBUG   : err_key'XZCUSDT'
2022-01-22 21:35:54,490 - MARKET - DEBUG   : err_key'LENDUSDT'
2022-01-22 21:35:54,493 - MARKET - DEBUG   : err_key'BKRWUSDT'
2022-01-22 21:35:54,497 - MARKET - DEBUG   : err_key'DAIUSDT'
2022-01-22 21:35:54,506 - MARKET - DEBUG   : err_key'BZRXUSDT'
2022-01-22 21:50:56,835 - MARKET - INFO   : req time:0 sec
new report startednew report started9,823 - MARKET - INFO   : Hello
2022-01-22 21:20:39,826 - MARKET - INFO   : recent old report is invalid now, exiting
2022-01-22 21:28:28,373 - MARKET - INFO   : Hello
2022-01-22 21:30:08,387 - MARKET - INFO   : Getting the last 24hr data
2022-01-22 21:35:53,828 - MARKET - INFO   : Got last 24hr dtaa
2022-01-22 21:35:54,424 - MARKET - INFO   : req time:0 sec
2022-01-22 21:35:54,426 - MARKET - DEBUG   : err_key'BCCUSDT'
2022-01-22 21:35:54,429 - MARKET - DEBUG   : err_key'VENUSDT'
2022-01-22 21:35:54,432 - MARKET - DEBUG   : err_key'PAXUSDT'
2022-01-22 21:35:54,433 - MARKET - DEBUG   : err_key'BCHABCUSDT'
2022-01-22 21:35:54,435 - MARKET - DEBUG   : err_key'BCHSVUSDT'
2022-01-22 21:35:54,436 - MARKET - DEBUG   : err_key'BTTUSDT'
2022-01-22 21:35:54,437 - MARKET - DEBUG   : err_key'USDSUSDT'
2022-01-22 21:35:54,443 - MARKET - DEBUG   : err_key'USDSBUSDT'
2022-01-22 21:35:54,445 - MARKET - DEBUG   : err_key'ERDUSDT'
2022-01-22 21:35:54,447 - MARKET - DEBUG   : err_key'NPXSUSDT'
2022-01-22 21:35:54,452 - MARKET - DEBUG   : err_key'STORMUSDT'
2022-01-22 21:35:54,458 - MARKET - DEBUG   : err_key'HCUSDT'
2022-01-22 21:35:54,463 - MARKET - DEBUG   : err_key'MCOUSDT'
2022-01-22 21:35:54,467 - MARKET - DEBUG   : err_key'BULLUSDT'
2022-01-22 21:35:54,468 - MARKET - DEBUG   : err_key'BEARUSDT'
2022-01-22 21:35:54,469 - MARKET - DEBUG   : err_key'ETHBULLUSDT'
2022-01-22 21:35:54,471 - MARKET - DEBUG   : err_key'ETHBEARUSDT'
2022-01-22 21:35:54,475 - MARKET - DEBUG   : err_key'EOSBULLUSDT'
2022-01-22 21:35:54,477 - MARKET - DEBUG   : err_key'EOSBEARUSDT'
2022-01-22 21:35:54,478 - MARKET - DEBUG   : err_key'XRPBULLUSDT'
2022-01-22 21:35:54,479 - MARKET - DEBUG   : err_key'XRPBEARUSDT'
2022-01-22 21:35:54,480 - MARKET - DEBUG   : err_key'STRATUSDT'
2022-01-22 21:35:54,483 - MARKET - DEBUG   : err_key'BNBBULLUSDT'
2022-01-22 21:35:54,484 - MARKET - DEBUG   : err_key'BNBBEARUSDT'
2022-01-22 21:35:54,487 - MARKET - DEBUG   : err_key'XZCUSDT'
2022-01-22 21:35:54,490 - MARKET - DEBUG   : err_key'LENDUSDT'
2022-01-22 21:35:54,493 - MARKET - DEBUG   : err_key'BKRWUSDT'
2022-01-22 21:35:54,497 - MARKET - DEBUG   : err_key'DAIUSDT'
2022-01-22 21:35:54,506 - MARKET - DEBUG   : err_key'BZRXUSDT'
2022-01-22 21:50:56,835 - MARKET - INFO   : req time:0 sec
new report startednew report startednew report startednew report startednew report startednew report started
new report started
2021-10-23 21:59:36,571 - MARKET - INFO   : lesser than -.5 VITEUSDT :October 23 21:59:36:  [0.26057326117459434, -0.5414058982172881, 0.08267477127226043, 0.10004]
2021-10-23 21:59:36,578 - MARKET - ERROR   : Greter than 2 SUNUSDT :October 23 21:59:36:  [-2.905631267678064, 1.9178904423119028, 0.19995438956367428, 0.03776]
2021-10-23 21:59:36,582 - MARKET - ERROR   : Greter than 2 FIROUSDT :October 23 21:59:36:  [23.249138920780695, 3.3840435519665593, 0.3238839515275931, 10.735]
2021-10-23 22:06:01,863 - SELLER_stoploss - INFO   : seller_stoploss present,  Bye!!
2021-10-23 22:06:41,156 - SELLER_stoploss - INFO   : OBERALL bought orders:{} Updated orders: []
2021-10-23 22:09:01,805 - MARKET - INFO   : Okay its running, bye!!
2021-10-23 22:14:38,803 - MARKET - INFO   : req time:0 sec
2021-10-23 22:14:38,817 - MARKET - INFO   : lesser than -.5 COCOSUSDT :October 23 22:14:38:  [-1.3527180783818005, -0.6304327551505029, 0.2772372220483411, 0.7803]
2021-10-23 22:14:38,819 - MARKET - INFO   : lesser than -.5 KEYUSDT :October 23 22:14:38:  [-1.3210349409833562, -0.6308362046377505, 0.0003156425773847053, 0.012624]
2021-10-23 22:14:38,823 - MARKET - INFO   : lesser than -.5 VITEUSDT :October 23 22:14:38:  [-2.4390243902439, -0.727687676387128, 0.05526499777751955, 0.0976]
2021-10-23 22:14:38,839 - MARKET - ERROR   : Greter than 2 FIROUSDT :October 23 22:14:38:  [-11.75593851886352, 1.6980344119496837, 0.19258153337116796, 9.473]
2021-10-23 22:14:38,842 - MARKET - ERROR   : Greter than 2 SHIBUSDT :October 23 22:14:38:  [8.084663428174878, 1.33833862849602, 0.13751996347846268, 3.115e-05]
2021-10-23 22:14:38,846 - MARKET - INFO   : lesser than -.5 LAZIOUSDT :October 23 22:14:38:  [-4.177776714933112, -0.7188324649606596, -0.1865356703846586, 16.0278]
2021-10-23 22:14:38,847 - MARKET - INFO   : lesser than -.5 CHESSUSDT :October 23 22:14:38:  [-3.24390243902438, -0.7293950679605073, -0.23593315715150925, 3.967]
2021-10-23 22:16:43,162 - TRADE - INFO   : Got BUY req: LAZIOUSDT p:15.6964442
2021-10-23 22:16:44,756 - TRADE - INFO   : Buying LAZIOUSDT Q:1.27 P:15.6964
2021-10-23 22:16:45,936 - SELLER_stoploss - INFO   : Bought LAZIOUSDT again
2021-10-23 22:16:46,746 - SELLER_stoploss - INFO   : OBERALL bought orders:{'9341408': '11355256'} Updated orders: []
2021-10-23 22:17:17,309 - SELLER - INFO   : orderid:11355256
2021-10-23 22:17:18,171 - TRADE - INFO   : Got SELL req: LAZIOUSDT p:16.198684800000002
2021-10-23 22:17:19,713 - TRADE - INFO   : Selling LAZIOUSDT Q:1.27 P:16.1986
2021-10-23 22:17:21,086 - SELLER - INFO   : created sellorder for :[11355256]
2021-10-23 22:26:48,602 - SELLER_stoploss - INFO   : already bought cause of low price
2021-10-23 22:26:49,424 - SELLER_stoploss - INFO   : new low price cause Order completed, cancelling old ones and creating new sell order
2021-10-23 22:26:49,426 - SELLER_stoploss - INFO   : Got old buy and new buy order ids OB:9341408 NB11355256
2021-10-23 22:26:49,426 - SELLER_stoploss - INFO   : Cancelling sell orders OS:9342186 NS11356931
2021-10-23 22:26:49,590 - SELLER_stoploss - INFO   : Successfully cancelled new sell order
2021-10-23 22:26:50,755 - SELLER_stoploss - INFO   : Successfully cancelled old sell order
2021-10-23 22:26:51,757 - TRADE - INFO   : Got SELL req: LAZIOUSDT p:17.957256506603773
2021-10-23 22:26:53,317 - TRADE - INFO   : Selling LAZIOUSDT Q:2.12 P:17.9572
2021-10-23 22:26:54,494 - SELLER_stoploss - INFO   : Completed selling new combined order
2021-10-23 22:26:54,497 - SELLER_stoploss - INFO   : OBERALL bought orders:{} Updated orders: []
2021-10-23 22:29:40,958 - MARKET - INFO   : req time:0 sec
2021-10-23 22:29:40,971 - MARKET - INFO   : lesser than -.5 COCOSUSDT :October 23 22:29:40:  [-0.3588363449955177, -0.578391113822233, 0.27024740263027675, 0.7775]
2021-10-23 22:29:40,973 - MARKET - INFO   : lesser than -.5 KEYUSDT :October 23 22:29:40:  [-1.013941698352342, -0.7367180756447673, -0.010830042487777126, 0.012496]
2021-10-23 22:29:40,977 - MARKET - INFO   : lesser than -.5 VITEUSDT :October 23 22:29:40:  [-1.2602459016393532, -0.9132825305423172, 0.04080883404766381, 0.09637]
2021-10-23 22:29:40,987 - MARKET - INFO   : lesser than -.5 NBSUSDT :October 23 22:29:40:  [-0.7777777777777655, -0.7108261795732043, 0.1111277489162206, 0.01786]
2021-10-23 22:29:40,991 - MARKET - ERROR   : Greter than 2 FIROUSDT :October 23 22:29:40:  [-1.5095534677504556, 1.507082592707721, 0.1738767531390622, 9.33]
2021-10-23 22:29:40,993 - MARKET - ERROR   : Greter than 2 SHIBUSDT :October 23 22:29:40:  [5.874799357945429, 2.0019105074596117, 0.2005669897912865, 3.298e-05]
2021-10-23 22:29:40,997 - MARKET - INFO   : lesser than -.5 SYSUSDT :October 23 22:29:40:  [-0.5446058091286283, -0.6658046600906964, 0.07965459604541406, 0.3835]
2021-10-23 22:29:40,999 - MARKET - INFO   : lesser than -1 LAZIOUSDT :October 23 22:29:40:  [-4.993199316188123, -1.3705870875455692, -0.2393561500088725, 15.2275]
2021-10-23 22:29:40,999 - MARKET - INFO   : lesser than -.5 LAZIOUSDT :October 23 22:29:40:  [-4.993199316188123, -1.3705870875455692, -0.2393561500088725, 15.2275]
2021-10-23 22:29:40,999 - MARKET - ERROR   : lesser than -1.3 LAZIOUSDT :October 23 22:29:40:  [-4.993199316188123, -1.3705870875455692, -0.2393561500088725, 15.2275]
2021-10-23 22:29:41,000 - MARKET - INFO   : lesser than -1 CHESSUSDT :October 23 22:29:40:  [-2.0922611545248344, -1.1548025460294655, -0.2563323659138535, 3.884]
2021-10-23 22:29:41,000 - MARKET - INFO   : lesser than -.5 CHESSUSDT :October 23 22:29:40:  [-2.0922611545248344, -1.1548025460294655, -0.2563323659138535, 3.884]
2021-10-23 22:36:58,036 - SELLER_stoploss - INFO   : OBERALL bought orders:{} Updated orders: ['9341408']
2021-10-23 22:44:43,234 - MARKET - INFO   : req time:0 sec
2021-10-23 22:44:43,246 - MARKET - INFO   : lesser than -.5 COCOSUSDT :October 23 22:44:43:  [0.7073954983922908, -0.5955003988843558, 0.2751046036942991, 0.783]
2021-10-23 22:44:43,248 - MARKET - INFO   : lesser than -.5 KEYUSDT :October 23 22:44:43:  [-0.3120998719590336, -0.6260950539017053, -0.014177485037457754, 0.012457]
2021-10-23 22:44:43,261 - MARKET - INFO   : lesser than -1 NBSUSDT :October 23 22:44:43:  [-0.7278835386338277, -1.0049814576467093, 0.10180540127677562, 0.01773]
2021-10-23 22:44:43,261 - MARKET - INFO   : lesser than -.5 NBSUSDT :October 23 22:44:43:  [-0.7278835386338277, -1.0049814576467093, 0.10180540127677562, 0.01773]
2021-10-23 22:44:43,267 - MARKET - ERROR   : Greter than 2 FIROUSDT :October 23 22:44:43:  [1.0289389067524124, 1.6837636072949926, 0.1833774437347661, 9.426]
2021-10-23 22:44:43,271 - MARKET - ERROR   : Greter than 2 SHIBUSDT :October 23 22:44:43:  [-2.3044269254093375, 1.8760090857258738, 0.17273372406683513, 3.222e-05]
2021-10-23 22:44:43,277 - MARKET - INFO   : lesser than -.5 SYSUSDT :October 23 22:44:43:  [-0.260756192959583, -0.724377506419677, 0.07587225394535853, 0.3825]
2021-10-23 22:44:43,278 - MARKET - INFO   : lesser than -1 LAZIOUSDT :October 23 22:44:43:  [-0.837300935806925, -1.4251439033285056, -0.24599998096218423, 15.1]
2021-10-23 22:44:43,279 - MARKET - INFO   : lesser than -.5 LAZIOUSDT :October 23 22:44:43:  [-0.837300935806925, -1.4251439033285056, -0.24599998096218423, 15.1]
2021-10-23 22:44:43,279 - MARKET - ERROR   : lesser than -1.3 LAZIOUSDT :October 23 22:44:43:  [-0.837300935806925, -1.4251439033285056, -0.24599998096218423, 15.1]
2021-10-23 22:44:43,280 - MARKET - INFO   : lesser than -.5 CHESSUSDT :October 23 22:44:43:  [0.6694129763130856, -0.937158902743256, -0.2460463065557764, 3.91]
2021-10-23 22:47:00,906 - SELLER_stoploss - INFO   : OBERALL bought orders:{} Updated orders: []
2021-10-23 22:52:02,367 - MARKET - INFO   : Found started is true, so set it false and waiting for double wait time
2021-10-23 22:53:02,352 - SELLER - INFO   : Looks like seller is started, setting as false and waiting for 15 secs
2021-10-23 22:54:02,339 - SELLER_stoploss - INFO   : Looks like seller_stoploss is started, setting as false and waiting for 12 mins
2021-10-23 22:54:07,412 - SELLER - INFO   : seller present,  Bye!!
2021-10-23 22:57:04,224 - SELLER_stoploss - INFO   : OBERALL bought orders:{} Updated orders: []
2021-10-23 22:59:45,087 - MARKET - INFO   : req time:0 sec
2021-10-23 22:59:45,099 - MARKET - INFO   : lesser than -.5 COCOSUSDT :October 23 22:59:45:  [-2.1455938697318055, -0.8372934184246594, 0.2479057444423204, 0.7662]
2021-10-23 22:59:45,102 - MARKET - INFO   : lesser than -.5 VITEUSDT :October 23 22:59:45:  [-2.080795777507101, -0.5782197566165965, 0.04103243769777949, 0.09647]
2021-10-23 22:59:45,110 - MARKET - INFO   : lesser than -.5 NBSUSDT :October 23 22:59:45:  [0.1692047377326692, -0.8006426981012364, 0.10256269719201037, 0.01776]
2021-10-23 22:59:45,114 - MARKET - ERROR   : Greter than 2 FIROUSDT :October 23 22:59:45:  [0.6047103755569742, 1.750316420900372, 0.18811152162040887, 9.483]
2021-10-23 22:59:45,117 - MARKET - ERROR   : Greter than 2 SHIBUSDT :October 23 22:59:45:  [0.40347610180012555, 1.9135278044941013, 0.17532633505260242, 3.235e-05]
2021-10-23 22:59:45,121 - MARKET - INFO   : lesser than -.5 SYSUSDT :October 23 22:59:45:  [0.4444444444444391, -0.6502403503153078, 0.08001351451276394, 0.3842]
2021-10-23 22:59:45,122 - MARKET - INFO   : lesser than -.5 BETAUSDT :October 23 22:59:45:  [-0.4230588902336631, -0.513413469263306, -0.058218599303490194, 1.8265]
2021-10-23 22:59:45,122 - MARKET - INFO   : lesser than -1 LAZIOUSDT :October 23 22:59:45:  [0.7046357615894087, -1.3248233783837728, -0.23531868048407645, 15.2064]
2021-10-23 22:59:45,122 - MARKET - INFO   : lesser than -.5 LAZIOUSDT :October 23 22:59:45:  [0.7046357615894087, -1.3248233783837728, -0.23531868048407645, 15.2064]
2021-10-23 22:59:45,123 - MARKET - ERROR   : lesser than -1.3 LAZIOUSDT :October 23 22:59:45:  [0.7046357615894087, -1.3248233783837728, -0.23531868048407645, 15.2064]
2021-10-23 22:59:45,123 - MARKET - INFO   : lesser than -1 CHESSUSDT :October 23 22:59:45:  [-0.9718670076726407, -1.06916014107997, -0.25420159533237036, 3.872]
2021-10-23 22:59:45,123 - MARKET - INFO   : lesser than -.5 CHESSUSDT :October 23 22:59:45:  [-0.9718670076726407, -1.06916014107997, -0.25420159533237036, 3.872]
2021-10-23 23:06:02,438 - SELLER_stoploss - INFO   : seller_stoploss present,  Bye!!
2021-10-23 23:07:07,511 - SELLER_stoploss - INFO   : OBERALL bought orders:{} Updated orders: []
2021-10-23 23:09:02,380 - MARKET - INFO   : Okay its running, bye!!
2021-10-23 23:14:47,203 - MARKET - INFO   : req time:0 sec
2021-10-23 23:14:47,216 - MARKET - INFO   : lesser than -.5 COCOSUSDT :October 23 23:14:47:  [-0.7961367789089003, -0.650552810667314, 0.23604162485878383, 0.7601]
2021-10-23 23:14:47,219 - MARKET - INFO   : lesser than -.5 RVNUSDT :October 23 23:14:47:  [-0.7269723254853414, -0.589891806388888, 0.028690683519601832, 0.12017]
2021-10-23 23:14:47,221 - MARKET - INFO   : lesser than -.5 VITEUSDT :October 23 23:14:47:  [-1.2024463563802161, -0.8877975574996434, 0.026901996855984087, 0.09531]
2021-10-23 23:14:47,232 - MARKET - INFO   : lesser than -.5 NBSUSDT :October 23 23:14:47:  [-0.9009009009009031, -0.7772862617591682, 0.09115970175913636, 0.0176]
2021-10-23 23:14:47,233 - MARKET - WARNING   : if you own this selit: SUNUSDT 0.03549:October 23 23:14:47:  [-1.3892747985551555, 0.11647559993353394, 0.12615366151558188, 0.03549]
2021-10-23 23:14:47,240 - MARKET - INFO   : lesser than -.5 SUPERUSDT :October 23 23:14:47:  [-0.7333806482138744, -0.6233097974205225, -0.025070944095514216, 0.8392]
2021-10-23 23:14:47,242 - MARKET - ERROR   : Greter than 2 SHIBUSDT :October 23 23:14:47:  [6.213292117465233, 2.791094751554134, 0.2439395825800187, 3.436e-05]
2021-10-23 23:14:47,243 - MARKET - INFO   : lesser than -.5 ERNUSDT :October 23 23:14:47:  [-2.5794841031793654, -0.6070422142840266, -0.019244776009593068, 11.368]
2021-10-23 23:14:47,245 - MARKET - INFO   : lesser than -.5 REQUSDT :October 23 23:14:47:  [-0.9743135518157695, -0.567104823178473, 0.027809052825582457, 0.2236]
2021-10-23 23:14:47,247 - MARKET - INFO   : lesser than -.5 SYSUSDT :October 23 23:14:47:  [-1.4836022904737072, -0.6597759497107746, 0.06224515309246314, 0.3785]
2021-10-23 23:14:47,248 - MARKET - INFO   : lesser than -1 LAZIOUSDT :October 23 23:14:47:  [-3.762231691919197, -1.952925890515729, -0.27539723743220285, 14.6343]
2021-10-23 23:14:47,248 - MARKET - INFO   : lesser than -.5 LAZIOUSDT :October 23 23:14:47:  [-3.762231691919197, -1.952925890515729, -0.27539723743220285, 14.6343]
2021-10-23 23:14:47,249 - MARKET - ERROR   : lesser than -1.3 LAZIOUSDT :October 23 23:14:47:  [-3.762231691919197, -1.952925890515729, -0.27539723743220285, 14.6343]
2021-10-23 23:14:47,249 - MARKET - INFO   : lesser than -1 CHESSUSDT :October 23 23:14:47:  [-1.7045454545454501, -1.3537077098626367, -0.2706827755507008, 3.806]
2021-10-23 23:14:47,250 - MARKET - INFO   : lesser than -.5 CHESSUSDT :October 23 23:14:47:  [-1.7045454545454501, -1.3537077098626367, -0.2706827755507008, 3.806]
2021-10-23 23:14:47,250 - MARKET - ERROR   : lesser than -1.3 CHESSUSDT :October 23 23:14:47:  [-1.7045454545454501, -1.3537077098626367, -0.2706827755507008, 3.806]
2021-10-23 23:17:10,485 - SELLER_stoploss - INFO   : OBERALL bought orders:{} Updated orders: []
2021-10-23 23:27:13,538 - SELLER_stoploss - INFO   : OBERALL bought orders:{} Updated orders: []
2021-10-23 23:29:49,234 - MARKET - INFO   : req time:0 sec
2021-10-23 23:29:49,248 - MARKET - INFO   : lesser than -.5 COCOSUSDT :October 23 23:29:49:  [-0.38152874621760474, -0.5291554221071195, 0.22894311484641156, 0.7572]
2021-10-23 23:29:49,253 - MARKET - INFO   : lesser than -.5 VITEUSDT :October 23 23:29:49:  [-0.17836533417270325, -0.6670456789254773, 0.024542602246458944, 0.09514]
2021-10-23 23:29:49,265 - MARKET - INFO   : lesser than -.5 NBSUSDT :October 23 23:29:49:  [-0.39772727272727626, -0.7879967051619217, 0.08554031124779829, 0.01753]
2021-10-23 23:29:49,265 - MARKET - INFO   : lesser than -1 SUNUSDT :October 23 23:29:49:  [-0.11270780501549271, -1.2858838265738168, 0.12340812741752355, 0.03545]
2021-10-23 23:29:49,266 - MARKET - INFO   : lesser than -.5 SUNUSDT :October 23 23:29:49:  [-0.11270780501549271, -1.2858838265738168, 0.12340812741752355, 0.03545]
2021-10-23 23:29:49,274 - MARKET - INFO   : lesser than -.5 SUPERUSDT :October 23 23:29:49:  [0.7387988560533955, -0.5193962192517748, -0.016290831450124447, 0.8454]
2021-10-23 23:29:49,277 - MARKET - ERROR   : Greter than 2 SHIBUSDT :October 23 23:29:49:  [-0.9313154831199176, 2.4673057813222647, 0.23043090366392746, 3.404e-05]
2021-10-23 23:29:49,281 - MARKET - INFO   : lesser than -.5 REQUSDT :October 23 23:29:49:  [-0.8497316636851453, -0.7376079591226903, 0.017722377923160303, 0.2217]
2021-10-23 23:29:49,284 - MARKET - INFO   : lesser than -.5 SYSUSDT :October 23 23:29:49:  [0.0, -0.630959582013922, 0.06152969156266471, 0.3785]
2021-10-23 23:29:49,286 - MARKET - INFO   : lesser than -.5 BETAUSDT :October 23 23:29:49:  [-0.6848641203349523, -0.5363509613678763, -0.06288554318797981, 1.81703]
2021-10-23 23:29:49,286 - MARKET - INFO   : lesser than -1 LAZIOUSDT :October 23 23:29:49:  [-0.3669461470654503, -1.9258887808056542, -0.2764495237498264, 14.5806]
2021-10-23 23:29:49,287 - MARKET - INFO   : lesser than -.5 LAZIOUSDT :October 23 23:29:49:  [-0.3669461470654503, -1.9258887808056542, -0.2764495237498264, 14.5806]
2021-10-23 23:29:49,287 - MARKET - ERROR   : lesser than -1.3 LAZIOUSDT :October 23 23:29:49:  [-0.3669461470654503, -1.9258887808056542, -0.2764495237498264, 14.5806]
2021-10-23 23:29:49,288 - MARKET - INFO   : lesser than -1 CHESSUSDT :October 23 23:29:49:  [0.23646873357855747, -1.2483103247055731, -0.2648534478595599, 3.815]
2021-10-23 23:29:49,288 - MARKET - INFO   : lesser than -.5 CHESSUSDT :October 23 23:29:49:  [0.23646873357855747, -1.2483103247055731, -0.2648534478595599, 3.815]
2021-10-23 23:37:16,665 - SELLER_stoploss - INFO   : OBERALL bought orders:{} Updated orders: []
2021-10-23 23:44:50,985 - MARKET - INFO   : req time:0 sec
2021-10-23 23:44:50,992 - MARKET - INFO   : lesser than -.5 FETUSDT :October 23 23:44:50:  [-1.656957928802579, -0.6239919139683018, 0.05016469197285878, 0.7597]
2021-10-23 23:44:50,997 - MARKET - INFO   : lesser than -.5 VITEUSDT :October 23 23:44:50:  [-0.03153247845280875, -0.7087750703008204, 0.023890566424374437, 0.09511]
2021-10-23 23:44:51,004 - MARKET - INFO   : lesser than -1 SUNUSDT :October 23 23:44:51:  [-1.6925246826516311, -1.1125828858557547, 0.10229262962602176, 0.03485]
2021-10-23 23:44:51,005 - MARKET - INFO   : lesser than -.5 SUNUSDT :October 23 23:44:51:  [-1.6925246826516311, -1.1125828858557547, 0.10229262962602176, 0.03485]
2021-10-23 23:44:51,008 - MARKET - INFO   : lesser than -1 FIROUSDT :October 23 23:44:51:  [1.0187493226400717, -1.8975190507278417, 0.16412636674358178, 9.321]
2021-10-23 23:44:51,009 - MARKET - INFO   : lesser than -.5 FIROUSDT :October 23 23:44:51:  [1.0187493226400717, -1.8975190507278417, 0.16412636674358178, 9.321]
2021-10-23 23:44:51,009 - MARKET - ERROR   : lesser than -1.3 FIROUSDT :October 23 23:44:51:  [1.0187493226400717, -1.8975190507278417, 0.16412636674358178, 9.321]
2021-10-23 23:44:51,009 - MARKET - WARNING   : if you own this selit: FIROUSDT 9.321:October 23 23:44:51:  [1.0187493226400717, -1.8975190507278417, 0.16412636674358178, 9.321]
2021-10-23 23:44:51,012 - MARKET - ERROR   : Greter than 2 SHIBUSDT :October 23 23:44:51:  [-3.1139835487661576, 2.0323578640128934, 0.1915423635193916, 3.298e-05]
2021-10-23 23:44:51,015 - MARKET - INFO   : lesser than -.5 REQUSDT :October 23 23:44:51:  [0.6314839873703132, -0.5311524613857864, 0.024859140823708593, 0.2231]
2021-10-23 23:44:51,017 - MARKET - INFO   : lesser than -.5 BETAUSDT :October 23 23:44:51:  [-0.16730598834361193, -0.5683528695281203, -0.06409973441071973, 1.81399]
2021-10-23 23:44:51,018 - MARKET - INFO   : lesser than -1 LAZIOUSDT :October 23 23:44:51:  [0.9882995212817023, -1.777788503291671, -0.2617431395052737, 14.7247]
2021-10-23 23:44:51,018 - MARKET - INFO   : lesser than -.5 LAZIOUSDT :October 23 23:44:51:  [0.9882995212817023, -1.777788503291671, -0.2617431395052737, 14.7247]
2021-10-23 23:44:51,019 - MARKET - ERROR   : lesser than -1.3 LAZIOUSDT :October 23 23:44:51:  [0.9882995212817023, -1.777788503291671, -0.2617431395052737, 14.7247]
2021-10-23 23:44:51,019 - MARKET - INFO   : lesser than -.5 CHESSUSDT :October 23 23:44:51:  [1.6513761467889951, -0.7793311712980954, -0.24257170838690228, 3.878]
2021-10-23 23:44:51,019 - MARKET - WARNING   : its buy time: CHESSUSDT 3.878:October 23 23:44:51:  [1.6513761467889951, -0.7793311712980954, -0.24257170838690228, 3.878]
2021-10-23 23:44:51,020 - TRADE - INFO   : Got BUY req: CHESSUSDT p:3.870244
2021-10-23 23:44:52,545 - TRADE - ERROR   : There's already an open order , oreder req rejected
2021-10-23 23:44:52,550 - MARKET - INFO   : Damn order didnt complete
2021-10-23 23:47:19,892 - SELLER_stoploss - INFO   : OBERALL bought orders:{} Updated orders: []
2021-10-23 23:52:01,914 - MARKET - INFO   : Found started is true, so set it false and waiting for double wait time
2021-10-23 23:53:01,911 - SELLER - INFO   : Looks like seller is started, setting as false and waiting for 15 secs
2021-10-23 23:54:01,914 - SELLER_stoploss - INFO   : Looks like seller_stoploss is started, setting as false and waiting for 12 mins
2021-10-23 23:54:06,972 - SELLER - INFO   : seller present,  Bye!!
2021-10-23 23:57:23,536 - SELLER_stoploss - INFO   : OBERALL bought orders:{} Updated orders: []
2021-10-23 23:59:54,324 - MARKET - INFO   : req time:0 sec
2021-10-23 23:59:54,346 - MARKET - WARNING   : Last 3 avg is less than 0.3 but last_5_avg is not > 0.6: FIROUSDT 9.287:October 23 23:59:54:  [-0.3647677287844536, -0.2702089378594036, 0.15790408326678138, 9.287]
2021-10-23 23:59:54,350 - MARKET - INFO   : lesser than -.5 ERNUSDT :October 23 23:59:54:  [-0.9293034566614498, -0.5628477905113505, -0.015032610298638789, 11.407]
2021-10-23 23:59:54,354 - MARKET - INFO   : lesser than -1 LAZIOUSDT :October 23 23:59:54:  [-0.13243054187861714, -1.199881907141029, -0.26022181482731305, 14.7052]
2021-10-23 23:59:54,355 - MARKET - INFO   : lesser than -.5 LAZIOUSDT :October 23 23:59:54:  [-0.13243054187861714, -1.199881907141029, -0.26022181482731305, 14.7052]
2021-10-23 23:59:54,355 - MARKET - WARNING   : its buy time: LAZIOUSDT 14.7052:October 23 23:59:54:  [-0.13243054187861714, -1.199881907141029, -0.26022181482731305, 14.7052]
2021-10-23 23:59:54,355 - TRADE - INFO   : Got BUY req: LAZIOUSDT p:14.6757896
2021-10-23 23:59:56,125 - TRADE - ERROR   : There's already an open order , oreder req rejected
2021-10-23 23:59:56,130 - MARKET - INFO   : Damn order didnt complete
2021-10-23 23:59:56,133 - MARKET - INFO   : lesser than -.5 CHESSUSDT :October 23 23:59:56:  [-1.3666838576585854, -0.5111570882458389, -0.2557965572018633, 3.825]
2021-10-24 00:06:01,944 - SELLER_stoploss - INFO   : seller_stoploss present,  Bye!!
2021-10-24 00:07:26,616 - SELLER_stoploss - INFO   : OBERALL bought orders:{} Updated orders: []
2021-10-24 00:09:02,015 - MARKET - INFO   : Okay its running, bye!!
2021-10-24 00:14:57,917 - MARKET - INFO   : req time:0 sec
2021-10-24 00:14:57,950 - MARKET - WARNING   : Last 3 avg is less than 0.3 but last_5_avg is not > 0.6: FIROUSDT 9.393:October 24 00:14:57:  [1.1413804242489487, 0.10849590385479706, 0.1696121349451405, 9.393]
2021-10-24 00:17:29,900 - SELLER_stoploss - INFO   : OBERALL bought orders:{} Updated orders: []
2021-10-24 00:27:33,031 - SELLER_stoploss - INFO   : OBERALL bought orders:{} Updated orders: []
2021-10-24 00:29:59,809 - MARKET - INFO   : req time:0 sec
2021-10-24 00:29:59,822 - MARKET - INFO   : lesser than -.5 WTCUSDT :October 24 00:29:59:  [-0.2765158996642222, -0.5205640974448877, 0.04377863831132963, 1.0098]
2021-10-24 00:29:59,827 - MARKET - INFO   : lesser than -.5 SUNUSDT :October 24 00:29:59:  [0.4021832806664787, -0.5019582477468674, 0.10211777936230489, 0.03495]
2021-10-24 00:29:59,831 - MARKET - WARNING   : Last 3 avg is less than 0.3 but last_5_avg is not > 0.6: FIROUSDT 9.31:October 24 00:29:59:  [-0.8836367507718533, -0.1647291900772409, 0.1569223893340924, 9.31]
2021-10-24 00:37:35,910 - SELLER_stoploss - INFO   : OBERALL bought orders:{} Updated orders: []
2021-10-24 00:45:01,538 - MARKET - INFO   : req time:0 sec
2021-10-24 00:45:01,555 - MARKET - INFO   : lesser than -.5 OXTUSDT :October 24 00:45:01:  [-0.34980323567992794, -0.6460227853008077, 0.027752203280046968, 0.4558]
2021-10-24 00:45:01,559 - MARKET - WARNING   : Last 3 avg is less than 0.3 but last_5_avg is not > 0.6: FIROUSDT 9.36:October 24 00:45:01:  [0.5370569280343602, -0.1743939682947572, 0.16155817639141273, 9.36]
2021-10-24 00:45:01,562 - MARKET - WARNING   : if you own this selit: SHIBUSDT 3.247e-05:October 24 00:45:01:  [-1.9921521279806935, 0.09569931323742915, 0.1628978345055422, 3.247e-05]
2021-10-24 00:47:39,111 - SELLER_stoploss - INFO   : OBERALL bought orders:{} Updated orders: []
2021-10-24 00:52:01,547 - MARKET - INFO   : Found started is true, so set it false and waiting for double wait time
2021-10-24 00:53:01,537 - SELLER - INFO   : Looks like seller is started, setting as false and waiting for 15 secs
2021-10-24 00:54:01,551 - SELLER_stoploss - INFO   : Looks like seller_stoploss is started, setting as false and waiting for 12 mins
2021-10-24 00:54:06,559 - SELLER - INFO   : seller present,  Bye!!
2021-10-24 00:57:31,652 - SELLER_stoploss - INFO   : Starting the seller_stoploss
2021-10-24 00:57:42,851 - SELLER_stoploss - INFO   : OBERALL bought orders:{} Updated orders: []
2021-10-24 01:00:03,188 - MARKET - INFO   : req time:0 sec
2021-10-24 01:00:03,209 - MARKET - WARNING   : Last 3 avg is less than 0.3 but last_5_avg is not > 0.6: FIROUSDT 9.38:October 24 01:00:03:  [0.2136752136752281, 0.35928708579123614, 0.16220159660479316, 9.38]
2021-10-24 01:00:03,212 - MARKET - INFO   : lesser than -.5 SHIBUSDT :October 24 01:00:03:  [0.6775485063135241, -0.6951212026413864, 0.16925154650317162, 3.269e-05]
2021-10-24 01:07:46,551 - SELLER_stoploss - INFO   : OBERALL bought orders:{} Updated orders: []
2021-10-24 01:09:01,648 - MARKET - INFO   : Okay its running, bye!!
2021-10-24 01:15:04,914 - MARKET - INFO   : req time:0 sec
2021-10-24 01:15:04,935 - MARKET - WARNING   : Last 3 avg is less than 0.3 but last_5_avg is not > 0.6: FIROUSDT 9.403:October 24 01:15:04:  [0.24520255863539112, 0.2725228525253847, 0.16323910863017563, 9.403]
2021-10-24 01:17:49,715 - SELLER_stoploss - INFO   : OBERALL bought orders:{} Updated orders: []
2021-10-24 01:27:52,781 - SELLER_stoploss - INFO   : OBERALL bought orders:{} Updated orders: []
2021-10-24 01:30:06,588 - MARKET - INFO   : req time:0 sec
2021-10-24 01:30:06,609 - MARKET - WARNING   : Last 3 avg is less than 0.3 but last_5_avg is not > 0.6: FIROUSDT 9.342:October 24 01:30:06:  [-0.6487291290013819, 0.034311645148034184, 0.15296102967281414, 9.342]
2021-10-24 01:37:55,714 - SELLER_stoploss - INFO   : OBERALL bought orders:{} Updated orders: []
2021-10-24 01:45:08,245 - MARKET - INFO   : req time:0 sec
2021-10-24 01:47:58,822 - SELLER_stoploss - INFO   : OBERALL bought orders:{} Updated orders: []
2021-10-24 01:52:02,201 - MARKET - INFO   : Found started is true, so set it false and waiting for double wait time
2021-10-24 01:53:02,205 - SELLER - INFO   : Looks like seller is started, setting as false and waiting for 15 secs
2021-10-24 01:54:02,197 - SELLER_stoploss - INFO   : Looks like seller_stoploss is started, setting as false and waiting for 12 mins
2021-10-24 01:54:07,271 - SELLER - INFO   : seller present,  Bye!!
2021-10-24 01:57:32,263 - SELLER_stoploss - INFO   : seller_stoploss present,  Bye!!
2021-10-24 01:58:01,884 - SELLER_stoploss - INFO   : OBERALL bought orders:{} Updated orders: []
2021-10-24 02:00:10,187 - MARKET - INFO   : req time:0 sec
2021-10-24 02:08:04,663 - SELLER_stoploss - INFO   : OBERALL bought orders:{} Updated orders: []
2021-10-24 02:09:02,262 - MARKET - INFO   : Okay its running, bye!!
2021-10-24 02:15:11,887 - MARKET - INFO   : req time:0 sec
2021-10-24 02:15:11,908 - MARKET - WARNING   : Last 3 avg is less than 0.3 but last_5_avg is not > 0.6: FIROUSDT 9.911:October 24 02:15:11:  [7.482919423056063, 0.9338709293959556, 0.22944063902233636, 9.911]
2021-10-24 02:15:11,909 - MARKET - ERROR   : Greter than 2 BADGERUSDT :October 24 02:15:11:  [0.6980802792321217, 1.355627647871545, 0.15732006995405082, 28.85]
2021-10-24 02:18:07,950 - SELLER_stoploss - INFO   : OBERALL bought orders:{} Updated orders: []
2021-10-24 02:28:11,265 - SELLER_stoploss - INFO   : OBERALL bought orders:{} Updated orders: []
2021-10-24 02:30:13,373 - MARKET - INFO   : req time:0 sec
2021-10-24 02:30:13,381 - MARKET - INFO   : lesser than -.5 COCOSUSDT :October 24 02:30:13:  [-0.42491037046872665, -0.5494846765670315, 0.18220517358844654, 0.7499]
2021-10-24 02:30:13,394 - MARKET - WARNING   : Last 3 avg is less than 0.3 but last_5_avg is not > 0.6: FIROUSDT 9.798:October 24 02:30:13:  [-1.1401473110685052, 0.694270323809832, 0.2111794663544585, 9.798]
2021-10-24 02:38:14,310 - SELLER_stoploss - INFO   : OBERALL bought orders:{} Updated orders: []
2021-10-24 02:45:15,449 - MARKET - INFO   : req time:1 sec
2021-10-24 02:45:15,461 - MARKET - ERROR   : Greter than 2 VITEUSDT :October 24 02:45:15:  [7.314678448699066, 1.8968926340623036, 0.205716545585127, 0.1093]
2021-10-24 02:45:15,472 - MARKET - WARNING   : Last 3 avg is less than 0.3 but last_5_avg is not > 0.6: FIROUSDT 9.439:October 24 02:45:15:  [-3.66401306389059, 0.14031485558614376, 0.15881199972952542, 9.439]
2021-10-24 02:48:17,552 - SELLER_stoploss - INFO   : OBERALL bought orders:{} Updated orders: []
2021-10-24 02:52:01,811 - MARKET - INFO   : Found started is true, so set it false and waiting for double wait time
2021-10-24 02:53:01,801 - SELLER - INFO   : Looks like seller is started, setting as false and waiting for 15 secs
2021-10-24 02:54:01,807 - SELLER_stoploss - INFO   : Looks like seller_stoploss is started, setting as false and waiting for 12 mins
2021-10-24 02:54:06,867 - SELLER - INFO   : seller present,  Bye!!
2021-10-24 02:57:31,878 - SELLER_stoploss - INFO   : seller_stoploss present,  Bye!!
2021-10-24 02:58:20,881 - SELLER_stoploss - INFO   : OBERALL bought orders:{} Updated orders: []
2021-10-24 03:00:16,989 - MARKET - INFO   : req time:0 sec
2021-10-24 03:00:17,000 - MARKET - ERROR   : Greter than 2 VITEUSDT :October 24 03:00:17:  [2.8636779505947008, 2.307476340338529, 0.2421269757907376, 0.11243]
2021-10-24 03:08:24,033 - SELLER_stoploss - INFO   : OBERALL bought orders:{} Updated orders: []
2021-10-24 03:09:01,895 - MARKET - INFO   : Okay its running, bye!!
2021-10-24 03:15:18,741 - MARKET - INFO   : req time:0 sec
2021-10-24 03:15:18,752 - MARKET - ERROR   : Greter than 2 VITEUSDT :October 24 03:15:18:  [2.454860802276971, 2.533261820085067, 0.2728593900474909, 0.11519]
2021-10-24 03:18:27,034 - SELLER_stoploss - INFO   : OBERALL bought orders:{} Updated orders: []
2021-10-24 03:26:58,450 - TRADE - INFO   : Got BUY req: LAZIOUSDT p:14.2915596
2021-10-24 03:26:59,973 - TRADE - INFO   : Buying LAZIOUSDT Q:1.39 P:14.2915
2021-10-24 03:27:01,339 - SELLER_stoploss - INFO   : Bought LAZIOUSDT again
2021-10-24 03:27:01,341 - SELLER_stoploss - INFO   : OBERALL bought orders:{'11355256': '11838588'} Updated orders: []
2021-10-24 03:27:36,851 - SELLER - INFO   : orderid:11838588
2021-10-24 03:27:37,189 - TRADE - INFO   : Got SELL req: LAZIOUSDT p:14.748828
2021-10-24 03:27:38,665 - TRADE - INFO   : Selling LAZIOUSDT Q:1.39 P:14.7488
2021-10-24 03:27:39,829 - SELLER - INFO   : created sellorder for :[11838588]
2021-10-24 03:28:30,410 - TRADE - INFO   : Got BUY req: LAZIOUSDT p:14.1279874
2021-10-24 03:28:31,944 - TRADE - INFO   : Buying LAZIOUSDT Q:1.41 P:14.1279
2021-10-24 03:28:33,324 - SELLER_stoploss - INFO   : Bought LAZIOUSDT again
2021-10-24 03:28:34,126 - SELLER_stoploss - INFO   : OBERALL bought orders:{'11355256': '11840739'} Updated orders: []
2021-10-24 03:28:39,884 - SELLER - INFO   : orderid:11840739
2021-10-24 03:28:40,040 - SELLER - INFO   : ORder :11840739 is still not filled n:LAZIOUSDT S:NEW
2021-10-24 03:28:40,041 - SELLER - INFO   : checking if price is increased
2021-10-24 03:29:40,256 - SELLER - INFO   : orderid:11840739
2021-10-24 03:29:40,409 - TRADE - INFO   : Got SELL req: LAZIOUSDT p:14.579992800000001
2021-10-24 03:29:41,922 - TRADE - INFO   : Selling LAZIOUSDT Q:1.41 P:14.5799
2021-10-24 03:29:43,087 - SELLER - INFO   : created sellorder for :[11840739]
2021-10-24 03:30:04,319 - SELLER_stoploss - INFO   : already bought cause of low price
2021-10-24 03:30:04,320 - SELLER_stoploss - INFO   : new low price cause Order completed, cancelling old ones and creating new sell order
2021-10-24 03:30:04,321 - SELLER_stoploss - INFO   : Got old buy and new buy order ids OB:11355256 NB11838588
2021-10-24 03:30:04,321 - SELLER_stoploss - INFO   : Cancelling sell orders OS:11393865 NS11839825
2021-10-24 03:30:04,703 - SELLER_stoploss - INFO   : Successfully cancelled new sell order
2021-10-24 03:30:06,078 - SELLER_stoploss - INFO   : Successfully cancelled old sell order
2021-10-24 03:30:07,080 - TRADE - INFO   : Got SELL req: LAZIOUSDT p:16.720010311111114
2021-10-24 03:30:08,565 - TRADE - INFO   : Selling LAZIOUSDT Q:3.51 P:16.72
2021-10-24 03:30:09,731 - SELLER_stoploss - INFO   : Completed selling new combined order
2021-10-24 03:30:20,449 - MARKET - INFO   : req time:0 sec
2021-10-24 03:30:20,487 - MARKET - INFO   : lesser than -.5 LAZIOUSDT :October 24 03:30:20:  [-2.9937727322825944, -0.7883004521549787, -0.277356570693261, 14.0822]
2021-10-24 03:33:15,473 - SELLER_stoploss - INFO   : OBERALL bought orders:{} Updated orders: ['11355256']
2021-10-24 03:38:37,158 - SELLER_stoploss - INFO   : new low price cause Order completed, cancelling old ones and creating new sell order
2021-10-24 03:38:37,159 - SELLER_stoploss - INFO   : Got old buy and new buy order ids OB:11355256 NB11840739
2021-10-24 03:38:37,160 - SELLER_stoploss - INFO   : Cancelling sell orders OS:11393865 NS11844678
2021-10-24 03:38:37,653 - SELLER_stoploss - INFO   : Successfully cancelled new sell order
2021-10-24 03:38:39,027 - SELLER_stoploss - INFO   : Looks like already cancelled11393865
2021-10-24 03:38:39,028 - SELLER_stoploss - INFO   : Successfully cancelled old sell order
2021-10-24 03:38:40,030 - TRADE - INFO   : Got SELL req: LAZIOUSDT p:16.641409871388102
2021-10-24 03:38:41,559 - TRADE - INFO   : Selling LAZIOUSDT Q:1.41 P:16.6414
2021-10-24 03:38:42,735 - SELLER_stoploss - INFO   : Completed selling new combined order
2021-10-24 03:38:42,738 - SELLER_stoploss - INFO   : OBERALL bought orders:{} Updated orders: []
2021-10-24 03:39:25,521 - SELLER_stoploss - INFO   : OBERALL bought orders:{} Updated orders: ['11355256']
2021-10-24 03:45:22,377 - MARKET - INFO   : req time:0 sec
2021-10-24 03:45:22,388 - MARKET - ERROR   : Greter than 2 VITEUSDT :October 24 03:45:22:  [-0.6908621960206344, 1.3291650217762998, 0.17539553092946536, 0.10781]
2021-10-24 03:45:22,398 - MARKET - WARNING   : Last 3 avg is less than 0.3 but last_5_avg is not > 0.6: FIROUSDT 9.333:October 24 03:45:22:  [0.19323671497585274, 0.22357988127115244, 0.13501701584377931, 9.333]
2021-10-24 03:45:22,399 - MARKET - WARNING   : if you own this selit: BADGERUSDT 27.86:October 24 03:45:22:  [-0.8893632159373888, -0.3971927584290938, 0.09781920855601968, 27.86]
2021-10-24 03:45:22,406 - MARKET - INFO   : lesser than -.5 LAZIOUSDT :October 24 03:45:22:  [0.3401457158682612, -0.7282911486024652, -0.2685351094566678, 14.1301]
2021-10-24 03:48:47,651 - SELLER_stoploss - INFO   : OBERALL bought orders:{} Updated orders: []
2021-10-24 03:51:42,366 - SELLER_stoploss - INFO   : OBERALL bought orders:{} Updated orders: ['11355256']
2021-10-24 03:52:01,450 - MARKET - INFO   : Found started is true, so set it false and waiting for double wait time
2021-10-24 03:53:01,442 - SELLER - INFO   : Looks like seller is started, setting as false and waiting for 15 secs
2021-10-24 03:54:01,448 - SELLER_stoploss - INFO   : Looks like seller_stoploss is started, setting as false and waiting for 12 mins
2021-10-24 03:54:06,501 - SELLER - INFO   : seller present,  Bye!!
2021-10-24 03:57:31,550 - SELLER_stoploss - INFO   : seller_stoploss present,  Bye!!
2021-10-24 03:58:51,683 - SELLER_stoploss - INFO   : OBERALL bought orders:{} Updated orders: []
2021-10-24 04:00:24,121 - MARKET - INFO   : req time:0 sec
2021-10-24 04:00:24,133 - MARKET - INFO   : lesser than -.5 KEYUSDT :October 24 04:00:24:  [0.1675041876046916, -0.5209448401818665, -0.01092762507002048, 0.012558]
2021-10-24 04:00:24,137 - MARKET - ERROR   : Greter than 2 VITEUSDT :October 24 04:00:24:  [-0.21333828030795657, 1.3767758431266055, 0.16976170757819836, 0.10758]
2021-10-24 04:00:24,151 - MARKET - INFO   : lesser than -.5 FIROUSDT :October 24 04:00:24:  [-0.6857387763848715, -0.9433712900775525, 0.12312200436220465, 9.269]
2021-10-24 04:00:24,161 - MARKET - INFO   : lesser than -.5 LAZIOUSDT :October 24 04:00:24:  [0.8414660901196737, -0.5330913330018804, -0.2524481355497643, 14.249]
2021-10-24 04:00:54,841 - SELLER_stoploss - INFO   : OBERALL bought orders:{} Updated orders: ['11355256']